|--- RM <= 6.97
|   |--- LSTAT <= 14.40
|   |   |--- RM <= 6.54
|   |   |   |--- DIS <= 1.21
|   |   |   |   |--- value: [50.00]
|   |   |   |--- DIS >  1.21
|   |   |   |   |--- LSTAT <= 7.69
|   |   |   |   |   |--- AFRO <= 351.62
|   |   |   |   |   |   |--- value: [27.00]
|   |   |   |   |   |--- AFRO >  351.62
|   |   |   |   |   |   |--- value: [23.35]
|   |   |   |   |--- LSTAT >  7.69
|   |   |   |   |   |--- LSTAT <= 7.89
|   |   |   |   |   |   |--- value: [15.25]
|   |   |   |   |   |--- LSTAT >  7.89
|   |   |   |   |   |   |--- value: [21.02]
|   |   |--- RM >  6.54
|   |   |   |--- LSTAT <= 5.78
|   |   |   |   |--- PTRATIO <= 17.85
|   |   |   |   |   |--- LSTAT <= 4.77
|   |   |   |   |   |   |--- value: [30.72]
|   |   |   |   |   |--- LSTAT >  4.77
|   |   |   |   |   |   |--- value: [34.87]
|   |   |   |   |--- PTRATIO >  17.85
|   |   |   |   |   |--- DIS <= 4.22
|   |   |   |   |   |   |--- value: [22.80]
|   |   |   |   |   |--- DIS >  4.22
|   |   |   |   |   |   |--- value: [28.02]
|   |   |   |--- LSTAT >  5.78
|   |   |   |   |--- NOX <= 0.44
|   |   |   |   |   |--- ZN <= 37.00
|   |   |   |   |   |   |--- value: [22.43]
|   |   |   |   |   |--- ZN >  37.00
|   |   |   |   |   |   |--- value: [25.18]
|   |   |   |   |--- NOX >  0.44
|   |   |   |   |   |--- PTRATIO <= 17.50
|   |   |   |   |   |   |--- value: [28.95]
|   |   |   |   |   |--- PTRATIO >  17.50
|   |   |   |   |   |   |--- value: [25.80]
|   |--- LSTAT >  14.40
|   |   |--- CRIM <= 7.08
|   |   |   |--- AGE <= 93.15
|   |   |   |   |--- PTRATIO <= 20.95
|   |   |   |   |   |--- AGE <= 83.45
|   |   |   |   |   |   |--- value: [21.71]
|   |   |   |   |   |--- AGE >  83.45
|   |   |   |   |   |   |--- value: [18.79]
|   |   |   |   |--- PTRATIO >  20.95
|   |   |   |   |   |--- RAD <= 3.50
|   |   |   |   |   |   |--- value: [18.90]
|   |   |   |   |   |--- RAD >  3.50
|   |   |   |   |   |   |--- value: [14.00]
|   |   |   |--- AGE >  93.15
|   |   |   |   |--- INDUS <= 26.69
|   |   |   |   |   |--- CRIM <= 1.23
|   |   |   |   |   |   |--- value: [16.60]
|   |   |   |   |   |--- CRIM >  1.23
|   |   |   |   |   |   |--- value: [14.22]
|   |   |   |   |--- INDUS >  26.69
|   |   |   |   |   |--- value: [8.10]
|   |   |--- CRIM >  7.08
|   |   |   |--- LSTAT <= 24.03
|   |   |   |   |--- DIS <= 2.80
|   |   |   |   |   |--- CRIM <= 11.49
|   |   |   |   |   |   |--- value: [13.01]
|   |   |   |   |   |--- CRIM >  11.49
|   |   |   |   |   |   |--- value: [10.99]
|   |   |   |   |--- DIS >  2.80
|   |   |   |   |   |--- value: [20.10]
|   |   |   |--- LSTAT >  24.03
|   |   |   |   |--- NOX <= 0.67
|   |   |   |   |   |--- value: [13.80]
|   |   |   |   |--- NOX >  0.67
|   |   |   |   |   |--- DIS <= 1.87
|   |   |   |   |   |   |--- value: [7.33]
|   |   |   |   |   |--- DIS >  1.87
|   |   |   |   |   |   |--- value: [8.90]
|--- RM >  6.97
|   |--- RM <= 7.44
|   |   |--- DIS <= 1.55
|   |   |   |--- value: [50.00]
|   |   |--- DIS >  1.55
|   |   |   |--- RAD <= 15.50
|   |   |   |   |--- CRIM <= 0.06
|   |   |   |   |   |--- CRIM <= 0.06
|   |   |   |   |   |   |--- value: [32.45]
|   |   |   |   |   |--- CRIM >  0.06
|   |   |   |   |   |   |--- value: [23.60]
|   |   |   |   |--- CRIM >  0.06
|   |   |   |   |   |--- LSTAT <= 10.42
|   |   |   |   |   |   |--- value: [34.98]
|   |   |   |   |   |--- LSTAT >  10.42
|   |   |   |   |   |   |--- value: [31.00]
|   |   |   |--- RAD >  15.50
|   |   |   |   |--- AGE <= 88.15
|   |   |   |   |   |--- value: [25.00]
|   |   |   |   |--- AGE >  88.15
|   |   |   |   |   |--- value: [17.80]
|   |--- RM >  7.44
|   |   |--- DIS <= 3.21
|   |   |   |--- RAD <= 6.50
|   |   |   |   |--- value: [50.00]
|   |   |   |--- RAD >  6.50
|   |   |   |   |--- value: [44.80]
|   |   |--- DIS >  3.21
|   |   |   |--- LSTAT <= 4.08
|   |   |   |   |--- AGE <= 71.85
|   |   |   |   |   |--- RM <= 7.87
|   |   |   |   |   |   |--- value: [44.03]
|   |   |   |   |   |--- RM >  7.87
|   |   |   |   |   |   |--- value: [49.15]
|   |   |   |   |--- AGE >  71.85
|   |   |   |   |   |--- CRIM <= 0.48
|   |   |   |   |   |   |--- value: [37.60]
|   |   |   |   |   |--- CRIM >  0.48
|   |   |   |   |   |   |--- value: [41.70]
|   |   |   |--- LSTAT >  4.08
|   |   |   |   |--- TAX <= 249.50
|   |   |   |   |   |--- value: [35.20]
|   |   |   |   |--- TAX >  249.50
|   |   |   |   |   |--- value: [38.70]
