|--- sex <= 0.50
|   |--- age <= 13.50
|   |   |--- sibsp <= 2.50
|   |   |   |--- class: 1
|   |   |--- sibsp >  2.50
|   |   |   |--- class: 0
|   |--- age >  13.50
|   |   |--- age <= 32.25
|   |   |   |--- class: 0
|   |   |--- age >  32.25
|   |   |   |--- class: 0
|--- sex >  0.50
|   |--- pclass <= 2.50
|   |   |--- age <= 3.50
|   |   |   |--- class: 0
|   |   |--- age >  3.50
|   |   |   |--- class: 1
|   |--- pclass >  2.50
|   |   |--- fare <= 7.74
|   |   |   |--- class: 1
|   |   |--- fare >  7.74
|   |   |   |--- class: 0
