|--- gender <= 0.50
|   |--- age <= 28.50
|   |   |--- car <= 0.50
|   |   |   |--- id <= 626.00
|   |   |   |   |--- age <= 25.50
|   |   |   |   |   |--- id <= 181.50
|   |   |   |   |   |   |--- class: 0
|   |   |   |   |   |--- id >  181.50
|   |   |   |   |   |   |--- class: 0
|   |   |   |   |--- age >  25.50
|   |   |   |   |   |--- pay_CreditCard <= 0.50
|   |   |   |   |   |   |--- class: 0
|   |   |   |   |   |--- pay_CreditCard >  0.50
|   |   |   |   |   |   |--- class: 1
|   |   |   |--- id >  626.00
|   |   |   |   |--- billtype <= 0.50
|   |   |   |   |   |--- children <= 0.50
|   |   |   |   |   |   |--- class: 1
|   |   |   |   |   |--- children >  0.50
|   |   |   |   |   |   |--- class: 1
|   |   |   |   |--- billtype >  0.50
|   |   |   |   |   |--- age <= 21.50
|   |   |   |   |   |   |--- class: 0
|   |   |   |   |   |--- age >  21.50
|   |   |   |   |   |   |--- class: 1
|   |   |--- car >  0.50
|   |   |   |--- pay_CreditCard <= 0.50
|   |   |   |   |--- age <= 22.50
|   |   |   |   |   |--- marital <= 0.50
|   |   |   |   |   |   |--- class: 1
|   |   |   |   |   |--- marital >  0.50
|   |   |   |   |   |   |--- class: 0
|   |   |   |   |--- age >  22.50
|   |   |   |   |   |--- children <= 1.00
|   |   |   |   |   |   |--- class: 1
|   |   |   |   |   |--- children >  1.00
|   |   |   |   |   |   |--- class: 1
|   |   |   |--- pay_CreditCard >  0.50
|   |   |   |   |--- age <= 22.50
|   |   |   |   |   |--- children <= 0.50
|   |   |   |   |   |   |--- class: 0
|   |   |   |   |   |--- children >  0.50
|   |   |   |   |   |   |--- class: 1
|   |   |   |   |--- age >  22.50
|   |   |   |   |   |--- class: 0
|   |--- age >  28.50
|   |   |--- age <= 51.50
|   |   |   |--- marital <= 0.50
|   |   |   |   |--- age <= 32.50
|   |   |   |   |   |--- id <= 4271.50
|   |   |   |   |   |   |--- class: 0
|   |   |   |   |   |--- id >  4271.50
|   |   |   |   |   |   |--- class: 1
|   |   |   |   |--- age >  32.50
|   |   |   |   |   |--- id <= 3870.50
|   |   |   |   |   |   |--- class: 0
|   |   |   |   |   |--- id >  3870.50
|   |   |   |   |   |   |--- class: 0
|   |   |   |--- marital >  0.50
|   |   |   |   |--- id <= 40.00
|   |   |   |   |   |--- class: 1
|   |   |   |   |--- id >  40.00
|   |   |   |   |   |--- pay_Cash <= 0.50
|   |   |   |   |   |   |--- class: 0
|   |   |   |   |   |--- pay_Cash >  0.50
|   |   |   |   |   |   |--- class: 0
|   |   |--- age >  51.50
|   |   |   |--- age <= 52.50
|   |   |   |   |--- children <= 1.50
|   |   |   |   |   |--- children <= 0.50
|   |   |   |   |   |   |--- class: 0
|   |   |   |   |   |--- children >  0.50
|   |   |   |   |   |   |--- class: 1
|   |   |   |   |--- children >  1.50
|   |   |   |   |   |--- class: 0
|   |   |   |--- age >  52.50
|   |   |   |   |--- id <= 197.00
|   |   |   |   |   |--- children <= 1.50
|   |   |   |   |   |   |--- class: 1
|   |   |   |   |   |--- children >  1.50
|   |   |   |   |   |   |--- class: 0
|   |   |   |   |--- id >  197.00
|   |   |   |   |   |--- age <= 62.50
|   |   |   |   |   |   |--- class: 0
|   |   |   |   |   |--- age >  62.50
|   |   |   |   |   |   |--- class: 0
|--- gender >  0.50
|   |--- age <= 39.50
|   |   |--- age <= 29.50
|   |   |   |--- id <= 3749.00
|   |   |   |   |--- id <= 1984.00
|   |   |   |   |   |--- age <= 28.50
|   |   |   |   |   |   |--- class: 0
|   |   |   |   |   |--- age >  28.50
|   |   |   |   |   |   |--- class: 0
|   |   |   |   |--- id >  1984.00
|   |   |   |   |   |--- age <= 24.50
|   |   |   |   |   |   |--- class: 1
|   |   |   |   |   |--- age >  24.50
|   |   |   |   |   |   |--- class: 1
|   |   |   |--- id >  3749.00
|   |   |   |   |--- id <= 3940.50
|   |   |   |   |   |--- class: 0
|   |   |   |   |--- id >  3940.50
|   |   |   |   |   |--- id <= 3972.50
|   |   |   |   |   |   |--- class: 1
|   |   |   |   |   |--- id >  3972.50
|   |   |   |   |   |   |--- class: 0
|   |   |--- age >  29.50
|   |   |   |--- marital <= 0.50
|   |   |   |   |--- pay_CreditCard <= 0.50
|   |   |   |   |   |--- class: 0
|   |   |   |   |--- pay_CreditCard >  0.50
|   |   |   |   |   |--- children <= 1.50
|   |   |   |   |   |   |--- class: 0
|   |   |   |   |   |--- children >  1.50
|   |   |   |   |   |   |--- class: 0
|   |   |   |--- marital >  0.50
|   |   |   |   |--- pay_Bank <= 0.50
|   |   |   |   |   |--- children <= 0.50
|   |   |   |   |   |   |--- class: 1
|   |   |   |   |   |--- children >  0.50
|   |   |   |   |   |   |--- class: 0
|   |   |   |   |--- pay_Bank >  0.50
|   |   |   |   |   |--- children <= 0.50
|   |   |   |   |   |   |--- class: 0
|   |   |   |   |   |--- children >  0.50
|   |   |   |   |   |   |--- class: 1
|   |--- age >  39.50
|   |   |--- age <= 52.50
|   |   |   |--- id <= 4415.50
|   |   |   |   |--- id <= 921.00
|   |   |   |   |   |--- class: 1
|   |   |   |   |--- id >  921.00
|   |   |   |   |   |--- id <= 955.00
|   |   |   |   |   |   |--- class: 0
|   |   |   |   |   |--- id >  955.00
|   |   |   |   |   |   |--- class: 1
|   |   |   |--- id >  4415.50
|   |   |   |   |--- class: 0
|   |   |--- age >  52.50
|   |   |   |--- car <= 0.50
|   |   |   |   |--- children <= 1.50
|   |   |   |   |   |--- pay_Cash <= 0.50
|   |   |   |   |   |   |--- class: 1
|   |   |   |   |   |--- pay_Cash >  0.50
|   |   |   |   |   |   |--- class: 1
|   |   |   |   |--- children >  1.50
|   |   |   |   |   |--- id <= 325.50
|   |   |   |   |   |   |--- class: 1
|   |   |   |   |   |--- id >  325.50
|   |   |   |   |   |   |--- class: 1
|   |   |   |--- car >  0.50
|   |   |   |   |--- pay_Cash <= 0.50
|   |   |   |   |   |--- id <= 1391.00
|   |   |   |   |   |   |--- class: 1
|   |   |   |   |   |--- id >  1391.00
|   |   |   |   |   |   |--- class: 1
|   |   |   |   |--- pay_Cash >  0.50
|   |   |   |   |   |--- int_disc <= 0.50
|   |   |   |   |   |   |--- class: 1
|   |   |   |   |   |--- int_disc >  0.50
|   |   |   |   |   |   |--- class: 1
